24-05-29.10:33:37.734 [main            ] INFO  DaoTest                - Starting DaoTest using Java 17.0.2 on Qiao with PID 19408 (started by 10744 in D:\big-market-project\big-market\big-market-app)
24-05-29.10:33:37.735 [main            ] INFO  DaoTest                - The following 1 profile is active: "dev"
24-05-29.10:33:38.302 [main            ] INFO  RepositoryConfigurationDelegate - Multiple Spring Data modules found, entering strict repository configuration mode
24-05-29.10:33:38.304 [main            ] INFO  RepositoryConfigurationDelegate - Bootstrapping Spring Data Redis repositories in DEFAULT mode.
24-05-29.10:33:38.324 [main            ] INFO  RepositoryConfigurationDelegate - Finished Spring Data repository scanning in 7 ms. Found 0 Redis repository interfaces.
24-05-29.10:33:40.076 [main            ] INFO  DaoTest                - Started DaoTest in 2.626 seconds (JVM running for 3.23)
24-05-29.10:33:40.384 [main            ] INFO  DaoTest                - 输出为
24-05-29.10:34:30.017 [main            ] INFO  DaoTest                - Starting DaoTest using Java 17.0.2 on Qiao with PID 19920 (started by 10744 in D:\big-market-project\big-market\big-market-app)
24-05-29.10:34:30.018 [main            ] INFO  DaoTest                - The following 1 profile is active: "dev"
24-05-29.10:34:30.410 [main            ] INFO  RepositoryConfigurationDelegate - Multiple Spring Data modules found, entering strict repository configuration mode
24-05-29.10:34:30.412 [main            ] INFO  RepositoryConfigurationDelegate - Bootstrapping Spring Data Redis repositories in DEFAULT mode.
24-05-29.10:34:30.430 [main            ] INFO  RepositoryConfigurationDelegate - Finished Spring Data repository scanning in 7 ms. Found 0 Redis repository interfaces.
24-05-29.10:34:32.637 [main            ] INFO  DaoTest                - Started DaoTest in 2.94 seconds (JVM running for 4.019)
24-05-29.10:34:45.412 [main            ] INFO  DaoTest                - 输出为
24-05-29.10:34:56.489 [main            ] INFO  DaoTest                - Starting DaoTest using Java 17.0.2 on Qiao with PID 3048 (started by 10744 in D:\big-market-project\big-market\big-market-app)
24-05-29.10:34:56.490 [main            ] INFO  DaoTest                - The following 1 profile is active: "dev"
24-05-29.10:34:56.855 [main            ] INFO  RepositoryConfigurationDelegate - Multiple Spring Data modules found, entering strict repository configuration mode
24-05-29.10:34:56.859 [main            ] INFO  RepositoryConfigurationDelegate - Bootstrapping Spring Data Redis repositories in DEFAULT mode.
24-05-29.10:34:56.879 [main            ] INFO  RepositoryConfigurationDelegate - Finished Spring Data repository scanning in 7 ms. Found 0 Redis repository interfaces.
24-05-29.10:34:58.654 [main            ] INFO  DaoTest                - Started DaoTest in 2.467 seconds (JVM running for 2.949)
24-05-29.10:34:58.961 [main            ] INFO  DaoTest                - 输出为：9
24-05-29.10:35:19.633 [main            ] INFO  DaoTest                - Starting DaoTest using Java 17.0.2 on Qiao with PID 19428 (started by 10744 in D:\big-market-project\big-market\big-market-app)
24-05-29.10:35:19.633 [main            ] INFO  DaoTest                - The following 1 profile is active: "dev"
24-05-29.10:35:20.024 [main            ] INFO  RepositoryConfigurationDelegate - Multiple Spring Data modules found, entering strict repository configuration mode
24-05-29.10:35:20.026 [main            ] INFO  RepositoryConfigurationDelegate - Bootstrapping Spring Data Redis repositories in DEFAULT mode.
24-05-29.10:35:20.045 [main            ] INFO  RepositoryConfigurationDelegate - Finished Spring Data repository scanning in 8 ms. Found 0 Redis repository interfaces.
24-05-29.10:35:22.202 [main            ] INFO  DaoTest                - Started DaoTest in 2.891 seconds (JVM running for 3.439)
24-05-29.10:35:41.978 [main            ] INFO  DaoTest                - 输出为：9
24-05-29.10:36:29.381 [main            ] INFO  DaoTest                - Starting DaoTest using Java 17.0.2 on Qiao with PID 11248 (started by 10744 in D:\big-market-project\big-market\big-market-app)
24-05-29.10:36:29.382 [main            ] INFO  DaoTest                - The following 1 profile is active: "dev"
24-05-29.10:36:29.725 [main            ] INFO  RepositoryConfigurationDelegate - Multiple Spring Data modules found, entering strict repository configuration mode
24-05-29.10:36:29.726 [main            ] INFO  RepositoryConfigurationDelegate - Bootstrapping Spring Data Redis repositories in DEFAULT mode.
24-05-29.10:36:29.743 [main            ] INFO  RepositoryConfigurationDelegate - Finished Spring Data repository scanning in 7 ms. Found 0 Redis repository interfaces.
24-05-29.10:36:31.185 [main            ] INFO  DaoTest                - Started DaoTest in 2.062 seconds (JVM running for 2.547)
24-05-29.10:36:31.449 [main            ] INFO  DaoTest                - 输出为：19
24-05-29.10:36:43.583 [main            ] INFO  DaoTest                - Starting DaoTest using Java 17.0.2 on Qiao with PID 11896 (started by 10744 in D:\big-market-project\big-market\big-market-app)
24-05-29.10:36:43.584 [main            ] INFO  DaoTest                - The following 1 profile is active: "dev"
24-05-29.10:36:43.918 [main            ] INFO  RepositoryConfigurationDelegate - Multiple Spring Data modules found, entering strict repository configuration mode
24-05-29.10:36:43.920 [main            ] INFO  RepositoryConfigurationDelegate - Bootstrapping Spring Data Redis repositories in DEFAULT mode.
24-05-29.10:36:43.938 [main            ] INFO  RepositoryConfigurationDelegate - Finished Spring Data repository scanning in 8 ms. Found 0 Redis repository interfaces.
24-05-29.10:36:45.507 [main            ] INFO  DaoTest                - Started DaoTest in 2.183 seconds (JVM running for 2.637)
24-05-29.10:36:45.857 [main            ] INFO  DaoTest                - 输出为：null
